<?xml version="1.0" encoding="UTF-8"?>
<testsuites>
  <testsuite name="" tests="36" assertions="43" errors="0" failures="0" skipped="0" time="0.053206">
    <testsuite name="all" tests="36" assertions="43" errors="0" failures="0" skipped="0" time="0.053206">
      <testsuite name="App\Card\BlackJackDeckTest" file="/home/david/dbwebb-kurser/mvc/me/report/tests/Card/BlackJackDeckTest.php" tests="6" assertions="7" errors="0" failures="0" skipped="0" time="0.022897">
        <testcase name="testCreateBlackJackDeckCheckDefaults" file="/home/david/dbwebb-kurser/mvc/me/report/tests/Card/BlackJackDeckTest.php" line="15" class="App\Card\BlackJackDeckTest" classname="App.Card.BlackJackDeckTest" assertions="2" time="0.017559"/>
        <testcase name="testDeckAsString" file="/home/david/dbwebb-kurser/mvc/me/report/tests/Card/BlackJackDeckTest.php" line="28" class="App\Card\BlackJackDeckTest" classname="App.Card.BlackJackDeckTest" assertions="1" time="0.001157"/>
        <testcase name="testDeckAsStringJson" file="/home/david/dbwebb-kurser/mvc/me/report/tests/Card/BlackJackDeckTest.php" line="94" class="App\Card\BlackJackDeckTest" classname="App.Card.BlackJackDeckTest" assertions="1" time="0.001088"/>
        <testcase name="testSortDeck" file="/home/david/dbwebb-kurser/mvc/me/report/tests/Card/BlackJackDeckTest.php" line="161" class="App\Card\BlackJackDeckTest" classname="App.Card.BlackJackDeckTest" assertions="1" time="0.001022"/>
        <testcase name="testTopCard" file="/home/david/dbwebb-kurser/mvc/me/report/tests/Card/BlackJackDeckTest.php" line="176" class="App\Card\BlackJackDeckTest" classname="App.Card.BlackJackDeckTest" assertions="1" time="0.001010"/>
        <testcase name="testCountingCards" file="/home/david/dbwebb-kurser/mvc/me/report/tests/Card/BlackJackDeckTest.php" line="189" class="App\Card\BlackJackDeckTest" classname="App.Card.BlackJackDeckTest" assertions="1" time="0.001061"/>
      </testsuite>
      <testsuite name="App\Card\CardGraphicTest" file="/home/david/dbwebb-kurser/mvc/me/report/tests/Card/CardGraphicTest.php" tests="2" assertions="3" errors="0" failures="0" skipped="0" time="0.001650">
        <testcase name="testCreateCardGraphicCheckDefaults" file="/home/david/dbwebb-kurser/mvc/me/report/tests/Card/CardGraphicTest.php" line="15" class="App\Card\CardGraphicTest" classname="App.Card.CardGraphicTest" assertions="2" time="0.000859"/>
        <testcase name="testSuitAndName" file="/home/david/dbwebb-kurser/mvc/me/report/tests/Card/CardGraphicTest.php" line="28" class="App\Card\CardGraphicTest" classname="App.Card.CardGraphicTest" assertions="1" time="0.000791"/>
      </testsuite>
      <testsuite name="App\Card\CardHandTest" file="/home/david/dbwebb-kurser/mvc/me/report/tests/Card/CardHandTest.php" tests="6" assertions="7" errors="0" failures="0" skipped="0" time="0.005165">
        <testcase name="testCreateCardHandCheckDefaults" file="/home/david/dbwebb-kurser/mvc/me/report/tests/Card/CardHandTest.php" line="15" class="App\Card\CardHandTest" classname="App.Card.CardHandTest" assertions="2" time="0.001078"/>
        <testcase name="testCountCards" file="/home/david/dbwebb-kurser/mvc/me/report/tests/Card/CardHandTest.php" line="29" class="App\Card\CardHandTest" classname="App.Card.CardHandTest" assertions="1" time="0.000817"/>
        <testcase name="testSuitsAndNamesAsString" file="/home/david/dbwebb-kurser/mvc/me/report/tests/Card/CardHandTest.php" line="42" class="App\Card\CardHandTest" classname="App.Card.CardHandTest" assertions="1" time="0.000815"/>
        <testcase name="testSuitsAndNamesAsStringJson" file="/home/david/dbwebb-kurser/mvc/me/report/tests/Card/CardHandTest.php" line="59" class="App\Card\CardHandTest" classname="App.Card.CardHandTest" assertions="1" time="0.000811"/>
        <testcase name="testAceValuedAsOne" file="/home/david/dbwebb-kurser/mvc/me/report/tests/Card/CardHandTest.php" line="77" class="App\Card\CardHandTest" classname="App.Card.CardHandTest" assertions="1" time="0.000815"/>
        <testcase name="testAceValuedAsOneInBlackJack" file="/home/david/dbwebb-kurser/mvc/me/report/tests/Card/CardHandTest.php" line="116" class="App\Card\CardHandTest" classname="App.Card.CardHandTest" assertions="1" time="0.000831"/>
      </testsuite>
      <testsuite name="App\Card\CardPlayerTest" file="/home/david/dbwebb-kurser/mvc/me/report/tests/Card/CardPlayerTest.php" tests="3" assertions="4" errors="0" failures="0" skipped="0" time="0.002663">
        <testcase name="testCreatePlayerCheckDefaults" file="/home/david/dbwebb-kurser/mvc/me/report/tests/Card/CardPlayerTest.php" line="15" class="App\Card\CardPlayerTest" classname="App.Card.CardPlayerTest" assertions="2" time="0.001107"/>
        <testcase name="testAddMoney" file="/home/david/dbwebb-kurser/mvc/me/report/tests/Card/CardPlayerTest.php" line="28" class="App\Card\CardPlayerTest" classname="App.Card.CardPlayerTest" assertions="1" time="0.000790"/>
        <testcase name="testSubMoney" file="/home/david/dbwebb-kurser/mvc/me/report/tests/Card/CardPlayerTest.php" line="41" class="App\Card\CardPlayerTest" classname="App.Card.CardPlayerTest" assertions="1" time="0.000765"/>
      </testsuite>
      <testsuite name="App\Card\CardTest" file="/home/david/dbwebb-kurser/mvc/me/report/tests/Card/CardTest.php" tests="4" assertions="5" errors="0" failures="0" skipped="0" time="0.003230">
        <testcase name="testCreateDiceCheckDefaults" file="/home/david/dbwebb-kurser/mvc/me/report/tests/Card/CardTest.php" line="15" class="App\Card\CardTest" classname="App.Card.CardTest" assertions="2" time="0.000873"/>
        <testcase name="testSuitAndNameAsString" file="/home/david/dbwebb-kurser/mvc/me/report/tests/Card/CardTest.php" line="28" class="App\Card\CardTest" classname="App.Card.CardTest" assertions="1" time="0.000799"/>
        <testcase name="testSuitAndNameAsStringJson" file="/home/david/dbwebb-kurser/mvc/me/report/tests/Card/CardTest.php" line="41" class="App\Card\CardTest" classname="App.Card.CardTest" assertions="1" time="0.000792"/>
        <testcase name="testName" file="/home/david/dbwebb-kurser/mvc/me/report/tests/Card/CardTest.php" line="54" class="App\Card\CardTest" classname="App.Card.CardTest" assertions="1" time="0.000767"/>
      </testsuite>
      <testsuite name="App\Card\DeckOfCardsTest" file="/home/david/dbwebb-kurser/mvc/me/report/tests/Card/DeckOfCardsTest.php" tests="7" assertions="8" errors="0" failures="0" skipped="0" time="0.007751">
        <testcase name="testCreateDeckOfCardsCheckDefaults" file="/home/david/dbwebb-kurser/mvc/me/report/tests/Card/DeckOfCardsTest.php" line="15" class="App\Card\DeckOfCardsTest" classname="App.Card.DeckOfCardsTest" assertions="2" time="0.001322"/>
        <testcase name="testDeckAsString" file="/home/david/dbwebb-kurser/mvc/me/report/tests/Card/DeckOfCardsTest.php" line="28" class="App\Card\DeckOfCardsTest" classname="App.Card.DeckOfCardsTest" assertions="1" time="0.001051"/>
        <testcase name="testDeckAsStringJson" file="/home/david/dbwebb-kurser/mvc/me/report/tests/Card/DeckOfCardsTest.php" line="94" class="App\Card\DeckOfCardsTest" classname="App.Card.DeckOfCardsTest" assertions="1" time="0.001076"/>
        <testcase name="testRemoveACard" file="/home/david/dbwebb-kurser/mvc/me/report/tests/Card/DeckOfCardsTest.php" line="160" class="App\Card\DeckOfCardsTest" classname="App.Card.DeckOfCardsTest" assertions="1" time="0.001086"/>
        <testcase name="testDrawSingle" file="/home/david/dbwebb-kurser/mvc/me/report/tests/Card/DeckOfCardsTest.php" line="173" class="App\Card\DeckOfCardsTest" classname="App.Card.DeckOfCardsTest" assertions="1" time="0.001120"/>
        <testcase name="testSortDeck" file="/home/david/dbwebb-kurser/mvc/me/report/tests/Card/DeckOfCardsTest.php" line="186" class="App\Card\DeckOfCardsTest" classname="App.Card.DeckOfCardsTest" assertions="1" time="0.001068"/>
        <testcase name="testTopCard" file="/home/david/dbwebb-kurser/mvc/me/report/tests/Card/DeckOfCardsTest.php" line="201" class="App\Card\DeckOfCardsTest" classname="App.Card.DeckOfCardsTest" assertions="1" time="0.001027"/>
      </testsuite>
      <testsuite name="App\Helper\HelperTest" file="/home/david/dbwebb-kurser/mvc/me/report/tests/Helper/HelperTest.php" tests="2" assertions="3" errors="0" failures="0" skipped="0" time="0.003382">
        <testcase name="testCreateHelperCheckDefaults" file="/home/david/dbwebb-kurser/mvc/me/report/tests/Helper/HelperTest.php" line="17" class="App\Helper\HelperTest" classname="App.Helper.HelperTest" assertions="1" time="0.001403"/>
        <testcase name="testCpuRound" file="/home/david/dbwebb-kurser/mvc/me/report/tests/Helper/HelperTest.php" line="26" class="App\Helper\HelperTest" classname="App.Helper.HelperTest" assertions="2" time="0.001979"/>
      </testsuite>
      <testsuite name="App\Utils\UtilsTest" file="/home/david/dbwebb-kurser/mvc/me/report/tests/Utils/UtilsTest.php" tests="6" assertions="6" errors="0" failures="0" skipped="0" time="0.006467">
        <testcase name="testCreateUtilsCheckDefaults" file="/home/david/dbwebb-kurser/mvc/me/report/tests/Utils/UtilsTest.php" line="18" class="App\Utils\UtilsTest" classname="App.Utils.UtilsTest" assertions="1" time="0.001162"/>
        <testcase name="testDealersTurnDrawsCard" file="/home/david/dbwebb-kurser/mvc/me/report/tests/Utils/UtilsTest.php" line="27" class="App\Utils\UtilsTest" classname="App.Utils.UtilsTest" assertions="1" time="0.001570"/>
        <testcase name="testCheckWinningsCorrectAmountOnBlackJack" file="/home/david/dbwebb-kurser/mvc/me/report/tests/Utils/UtilsTest.php" line="52" class="App\Utils\UtilsTest" classname="App.Utils.UtilsTest" assertions="1" time="0.000955"/>
        <testcase name="testCheckWinningsCorrectAmountOnWin" file="/home/david/dbwebb-kurser/mvc/me/report/tests/Utils/UtilsTest.php" line="74" class="App\Utils\UtilsTest" classname="App.Utils.UtilsTest" assertions="1" time="0.000935"/>
        <testcase name="testCheckWinningsCorrectAmountOnPush" file="/home/david/dbwebb-kurser/mvc/me/report/tests/Utils/UtilsTest.php" line="96" class="App\Utils\UtilsTest" classname="App.Utils.UtilsTest" assertions="1" time="0.000945"/>
        <testcase name="testCheckWinningsCorrectAmountOnLoose" file="/home/david/dbwebb-kurser/mvc/me/report/tests/Utils/UtilsTest.php" line="118" class="App\Utils\UtilsTest" classname="App.Utils.UtilsTest" assertions="1" time="0.000900"/>
      </testsuite>
    </testsuite>
  </testsuite>
</testsuites>
